Building DAG of jobs...
Using shell: /bin/bash
Provided cores: 1
Rules claiming more threads will be scaled down.
Job counts:
	count	jobs
	1	all
	1	trim_reads_pe
	2

[Sun Sep  6 12:39:27 2020]
rule trim_reads_pe:
    input: /tier4/DSC/GATK/ehlim/gatk_germline_pipeline/resources/samples/BRCA_NA12892_R1.fastq.gz, /tier4/DSC/GATK/ehlim/gatk_germline_pipeline/resources/samples/BRCA_NA12892_R2.fastq.gz
    output: result/trimmed/BRCA_NA12892.1.fastq.gz, result/trimmed/BRCA_NA12892.2.fastq.gz, result/trimmed/BRCA_NA12892.1.unpaired.fastq.gz, result/trimmed/BRCA_NA12892.2.unpaired.fastq.gz
    log: logs/trimmomatic/BRCA_NA12892.log
    jobid: 1
    wildcards: sample=BRCA_NA12892

Terminating processes on user request, this might take some time.
[Sun Sep  6 12:41:36 2020]
Error in rule trim_reads_pe:
    jobid: 1
    output: result/trimmed/BRCA_NA12892.1.fastq.gz, result/trimmed/BRCA_NA12892.2.fastq.gz, result/trimmed/BRCA_NA12892.1.unpaired.fastq.gz, result/trimmed/BRCA_NA12892.2.unpaired.fastq.gz
    log: logs/trimmomatic/BRCA_NA12892.log

RuleException:
CalledProcessError in line 16 of /tier4/DSC/GATK/ehlim/gatk_germline_pipeline/workflow/rules/mapping.snake:
Command ' set -euo pipefail;  trimmomatic PE -threads 1 -phred33         /tier4/DSC/GATK/ehlim/gatk_germline_pipeline/resources/samples/BRCA_NA12892_R1.fastq.gz /tier4/DSC/GATK/ehlim/gatk_germline_pipeline/resources/samples/BRCA_NA12892_R2.fastq.gz         result/trimmed/BRCA_NA12892.1.fastq.gz result/trimmed/BRCA_NA12892.1.unpaired.fastq.gz         result/trimmed/BRCA_NA12892.2.fastq.gz result/trimmed/BRCA_NA12892.2.unpaired.fastq.gz         ILLUMINACLIP:/tier4/DSC/GATK/ehlim/gatk_germline_pipeline/resources/adapters/TruSeq3-PE.fa:2:30:10         LEADING:3 TRAILING:3 SLIDINGWINDOW:4:15 MINLEN:36         2> logs/trimmomatic/BRCA_NA12892.log ' returned non-zero exit status 1.
  File "/tier4/DSC/GATK/ehlim/gatk_germline_pipeline/workflow/rules/mapping.snake", line 16, in __rule_trim_reads_pe
  File "/home/ehlim/tools/miniconda3/envs/gatk/lib/python3.6/concurrent/futures/thread.py", line 56, in run
Removing output files of failed job trim_reads_pe since they might be corrupted:
result/trimmed/BRCA_NA12892.1.fastq.gz, result/trimmed/BRCA_NA12892.2.fastq.gz, result/trimmed/BRCA_NA12892.1.unpaired.fastq.gz, result/trimmed/BRCA_NA12892.2.unpaired.fastq.gz
Complete log: /tier4/DSC/GATK/ehlim/gatk_germline_pipeline/.snakemake/log/2020-09-06T123927.256979.snakemake.log
