Building DAG of jobs...
Using shell: /bin/bash
Provided cores: 8
Rules claiming more threads will be scaled down.
Job counts:
	count	jobs
	1	all
	1	sortsam
	2

[Wed Sep  9 14:55:36 2020]
rule sortsam:
    input: results/dedup/BRCA_NA12892.dedup.bam
    output: results/dedup/BRCA_NA12892.sortsam.bam
    log: logs/gatk/sortsam/BRCA_NA12892.log
    jobid: 1
    wildcards: sample=BRCA_NA12892

[Wed Sep  9 14:56:14 2020]
Finished job 1.
1 of 2 steps (50%) done

[Wed Sep  9 14:56:14 2020]
localrule all:
    input: results/dedup/BRCA_NA12892.sortsam.bam
    jobid: 0

[Wed Sep  9 14:56:14 2020]
Finished job 0.
2 of 2 steps (100%) done
Complete log: /tier4/DSC/GATK/ehlim/gatk_germline_pipeline/workflow/.snakemake/log/2020-09-09T145535.780410.snakemake.log
