Building DAG of jobs...
Using shell: /bin/bash
Provided cores: 10
Rules claiming more threads will be scaled down.
Job counts:
	count	jobs
	1	add_readgroups
	1	all
	1	apply_bqsr
	1	index_bam
	1	map_reads
	1	mark_duplicates
	1	recalibrate_base_qualities
	1	sort_bam
	1	sortsam
	1	trim_reads_pe
	10

[Wed Sep  9 19:49:41 2020]
rule trim_reads_pe:
    input: /tier4/DSC/GATK/ehlim/gatk_germline_pipeline/resources/samples/BRCA_NA12892_R1.fastq.gz, /tier4/DSC/GATK/ehlim/gatk_germline_pipeline/resources/samples/BRCA_NA12892_R2.fastq.gz
    output: results/trimmed/BRCA_NA12892.1.fastq.gz, results/trimmed/BRCA_NA12892.2.fastq.gz, results/trimmed/BRCA_NA12892.1.unpaired.fastq.gz, results/trimmed/BRCA_NA12892.2.unpaired.fastq.gz
    log: logs/trimmomatic/BRCA_NA12892.log
    jobid: 9
    wildcards: sample=BRCA_NA12892
    threads: 8

trimmomatic PE -threads 8 -phred33         /tier4/DSC/GATK/ehlim/gatk_germline_pipeline/resources/samples/BRCA_NA12892_R1.fastq.gz /tier4/DSC/GATK/ehlim/gatk_germline_pipeline/resources/samples/BRCA_NA12892_R2.fastq.gz         results/trimmed/BRCA_NA12892.1.fastq.gz results/trimmed/BRCA_NA12892.1.unpaired.fastq.gz         results/trimmed/BRCA_NA12892.2.fastq.gz results/trimmed/BRCA_NA12892.2.unpaired.fastq.gz         ILLUMINACLIP:/tier4/DSC/GATK/ehlim/gatk_germline_pipeline/resources/adapters/TruSeq3-PE.fa:2:30:10 LEADING:3 TRAILING:3 SLIDINGWINDOW:4:15 MINLEN:36         2> logs/trimmomatic/BRCA_NA12892.log
[Wed Sep  9 19:50:49 2020]
Finished job 9.
1 of 10 steps (10%) done

[Wed Sep  9 19:50:49 2020]
rule map_reads:
    input: /tier4/DSC/GATK/ehlim/gatk_germline_pipeline/resources/references/hg19/ucsc.hg19.fasta, results/trimmed/BRCA_NA12892.1.fastq.gz, results/trimmed/BRCA_NA12892.2.fastq.gz
    output: results/mapped/BRCA_NA12892.bam
    log: logs/bwa_mem/BRCA_NA12892.log
    jobid: 8
    wildcards: sample=BRCA_NA12892
    threads: 8

(bwa mem -t 8 /tier4/DSC/GATK/ehlim/gatk_germline_pipeline/resources/references/hg19/ucsc.hg19.fasta results/trimmed/BRCA_NA12892.1.fastq.gz results/trimmed/BRCA_NA12892.2.fastq.gz | samtools view -Sb - > results/mapped/BRCA_NA12892.bam) 2> logs/bwa_mem/BRCA_NA12892.log
[Wed Sep  9 19:53:29 2020]
Finished job 8.
2 of 10 steps (20%) done

[Wed Sep  9 19:53:29 2020]
rule add_readgroups:
    input: results/mapped/BRCA_NA12892.bam
    output: results/mapped/BRCA_NA12892_rg.bam
    log: logs/bwa_mem/rg/BRCA_NA12892.log
    jobid: 7
    wildcards: sample=BRCA_NA12892

gatk AddOrReplaceReadGroups -I results/mapped/BRCA_NA12892.bam -O results/mapped/BRCA_NA12892_rg.bam -RGID inco -RGSM BRCA_NA12892 -RGLB BRCA_NA12892 -RGPU illumina  -RGPL illumina 2> logs/bwa_mem/rg/BRCA_NA12892.log
[Wed Sep  9 19:53:54 2020]
Finished job 7.
3 of 10 steps (30%) done

[Wed Sep  9 19:53:54 2020]
rule sort_bam:
    input: results/mapped/BRCA_NA12892_rg.bam
    output: results/sorted/BRCA_NA12892.sorted.bam
    log: logs/samtools/sort/BRCA_NA12892.log
    jobid: 6
    wildcards: sample=BRCA_NA12892

samtools sort results/mapped/BRCA_NA12892_rg.bam -o results/sorted/BRCA_NA12892.sorted.bam 2> logs/samtools/sort/BRCA_NA12892.log
[Wed Sep  9 19:54:14 2020]
Finished job 6.
4 of 10 steps (40%) done

[Wed Sep  9 19:54:14 2020]
rule mark_duplicates:
    input: results/sorted/BRCA_NA12892.sorted.bam
    output: results/dedup/BRCA_NA12892.dedup.bam, results/dedup/BRCA_NA12892.metrics.txt
    log: logs/picard/dedup/BRCA_NA12892.log
    jobid: 5
    wildcards: sample=BRCA_NA12892

gatk MarkDuplicates -I results/sorted/BRCA_NA12892.sorted.bam -O results/dedup/BRCA_NA12892.dedup.bam -M results/dedup/BRCA_NA12892.metrics.txt 2> logs/picard/dedup/BRCA_NA12892.log
[Wed Sep  9 19:55:04 2020]
Finished job 5.
5 of 10 steps (50%) done

[Wed Sep  9 19:55:04 2020]
rule sortsam:
    input: results/dedup/BRCA_NA12892.dedup.bam
    output: results/dedup/BRCA_NA12892.sortsam.bam
    log: logs/gatk/sortsam/BRCA_NA12892.log
    jobid: 4
    wildcards: sample=BRCA_NA12892

gatk SortSam -I results/dedup/BRCA_NA12892.dedup.bam -O results/dedup/BRCA_NA12892.sortsam.bam -SO coordinate 2> logs/gatk/sortsam/BRCA_NA12892.log
[Wed Sep  9 19:55:45 2020]
Finished job 4.
6 of 10 steps (60%) done

[Wed Sep  9 19:55:45 2020]
rule recalibrate_base_qualities:
    input: results/dedup/BRCA_NA12892.sortsam.bam, /tier4/DSC/GATK/ehlim/gatk_germline_pipeline/resources/references/hg19/ucsc.hg19.fasta, /tier4/DSC/GATK/jgjeong/standardDB/vcfDB/dbsnp_138.hg19.vcf
    output: results/recal/BRCA_NA12892.recal.table
    log: logs/gatk/bqsr/BRCA_NA12892.log
    jobid: 3
    wildcards: sample=BRCA_NA12892

gatk BaseRecalibrator -I results/dedup/BRCA_NA12892.sortsam.bam -R /tier4/DSC/GATK/ehlim/gatk_germline_pipeline/resources/references/hg19/ucsc.hg19.fasta --known-sites /tier4/DSC/GATK/jgjeong/standardDB/vcfDB/dbsnp_138.hg19.vcf  -O results/recal/BRCA_NA12892.recal.table
[Wed Sep  9 19:59:20 2020]
Finished job 3.
7 of 10 steps (70%) done

[Wed Sep  9 19:59:20 2020]
rule apply_bqsr:
    input: results/dedup/BRCA_NA12892.sortsam.bam, /tier4/DSC/GATK/ehlim/gatk_germline_pipeline/resources/references/hg19/ucsc.hg19.fasta, results/recal/BRCA_NA12892.recal.table
    output: results/recal/BRCA_NA12892.bam
    log: logs/gatk/bqsr/applybqsr/BRCA_NA12892.log
    jobid: 2
    wildcards: sample=BRCA_NA12892

gatk ApplyBQSR -I results/dedup/BRCA_NA12892.sortsam.bam -R /tier4/DSC/GATK/ehlim/gatk_germline_pipeline/resources/references/hg19/ucsc.hg19.fasta --bqsr-recal-file results/recal/BRCA_NA12892.recal.table -O results/recal/BRCA_NA12892.bam 2> logs/gatk/bqsr/applybqsr/BRCA_NA12892.log
Write-protecting output file results/recal/BRCA_NA12892.bam.
[Wed Sep  9 20:00:27 2020]
Finished job 2.
8 of 10 steps (80%) done

[Wed Sep  9 20:00:27 2020]
rule index_bam:
    input: results/recal/BRCA_NA12892.bam
    output: results/recal/BRCA_NA12892.bam.bai
    jobid: 1
    wildcards: sample=BRCA_NA12892

samtools index results/recal/BRCA_NA12892.bam
[Wed Sep  9 20:00:30 2020]
Finished job 1.
9 of 10 steps (90%) done

[Wed Sep  9 20:00:30 2020]
localrule all:
    input: results/recal/BRCA_NA12892.bam.bai
    jobid: 0

[Wed Sep  9 20:00:30 2020]
Finished job 0.
10 of 10 steps (100%) done
Complete log: /tier4/DSC/GATK/ehlim/gatk_germline_pipeline/workflow/.snakemake/log/2020-09-09T194940.940099.snakemake.log
