Building DAG of jobs...
Using shell: /bin/bash
Provided cores: 8
Rules claiming more threads will be scaled down.
Job counts:
	count	jobs
	1	add_readgroups
	1	all
	1	mark_duplicates
	1	sort_bam
	4

[Wed Sep  9 14:41:21 2020]
rule add_readgroups:
    input: results/mapped/BRCA_NA12892.bam
    output: results/mapped/BRCA_NA12892_rg.bam
    log: logs/bwa_mem/rg/BRCA_NA12892.log
    jobid: 3
    wildcards: sample=BRCA_NA12892

RuleException in line 57 of /tier4/DSC/GATK/ehlim/gatk_germline_pipeline/workflow/rules/mapping.smk:
NameError: The name 'rg' is unknown in this context. Please make sure that you defined that variable. Also note that braces not used for variable access have to be escaped by repeating them, i.e. {{print $1}}
