Building DAG of jobs...
Using shell: /bin/bash
Provided cores: 1
Rules claiming more threads will be scaled down.
Job counts:
	count	jobs
	1	all
	1	apply_bqsr
	1	index_bam
	1	recalibrate_base_qualities
	4

[Wed Sep  9 17:42:53 2020]
rule recalibrate_base_qualities:
    input: results/dedup/BRCA_NA12892.sortsam.bam, /tier4/DSC/GATK/ehlim/gatk_germline_pipeline/resources/references/hg19/ucsc.hg19.fasta, /tier4/DSC/GATK/jgjeong/standardDB/vcfDB/dbsnp_138.hg19.vcf
    output: results/recal/BRCA_NA12892.recal.table
    log: logs/gatk/bqsr/BRCA_NA12892.log
    jobid: 4
    wildcards: sample=BRCA_NA12892

[Wed Sep  9 17:47:12 2020]
Finished job 4.
1 of 4 steps (25%) done

[Wed Sep  9 17:47:12 2020]
rule apply_bqsr:
    input: results/dedup/BRCA_NA12892.sortsam.bam, /tier4/DSC/GATK/ehlim/gatk_germline_pipeline/resources/references/hg19/ucsc.hg19.fasta, results/recal/BRCA_NA12892.recal.table
    output: results/recal/BRCA_NA12892.bam
    log: logs/gatk/bqsr/applybqsr/BRCA_NA12892.log
    jobid: 2
    wildcards: sample=BRCA_NA12892

Write-protecting output file results/recal/BRCA_NA12892.bam.
[Wed Sep  9 17:48:12 2020]
Finished job 2.
2 of 4 steps (50%) done

[Wed Sep  9 17:48:12 2020]
rule index_bam:
    input: results/recal/BRCA_NA12892.bam
    output: results/recal/BRCA_NA12892.bam.bai
    jobid: 1
    wildcards: sample=BRCA_NA12892

[Wed Sep  9 17:48:15 2020]
Finished job 1.
3 of 4 steps (75%) done

[Wed Sep  9 17:48:15 2020]
localrule all:
    input: results/recal/BRCA_NA12892.bam.bai
    jobid: 0

[Wed Sep  9 17:48:15 2020]
Finished job 0.
4 of 4 steps (100%) done
Complete log: /tier4/DSC/GATK/ehlim/gatk_germline_pipeline/workflow/.snakemake/log/2020-09-09T174253.093288.snakemake.log
