Building DAG of jobs...
Using shell: /bin/bash
Provided cores: 10
Rules claiming more threads will be scaled down.
Job counts:
	count	jobs
	1	all
	1	map_reads
	1	trim_reads_pe
	3

[Tue Sep  8 22:08:36 2020]
rule trim_reads_pe:
    input: /tier4/DSC/GATK/ehlim/gatk_germline_pipeline/resources/samples/BRCA_NA12892_R1.fastq.gz, /tier4/DSC/GATK/ehlim/gatk_germline_pipeline/resources/samples/BRCA_NA12892_R2.fastq.gz
    output: results/trimmed/BRCA_NA12892.1.fastq.gz, results/trimmed/BRCA_NA12892.2.fastq.gz, results/trimmed/BRCA_NA12892.1.unpaired.fastq.gz, results/trimmed/BRCA_NA12892.2.unpaired.fastq.gz
    log: logs/trimmomatic/BRCA_NA12892.log
    jobid: 2
    wildcards: sample=BRCA_NA12892
    threads: 8

[Tue Sep  8 22:09:39 2020]
Finished job 2.
1 of 3 steps (33%) done

[Tue Sep  8 22:09:39 2020]
rule map_reads:
    input: /tier4/DSC/GATK/ehlim/gatk_germline_pipeline/resources/references/hg19/ucsc.hg19.fasta, results/trimmed/BRCA_NA12892.1.fastq.gz, results/trimmed/BRCA_NA12892.2.fastq.gz
    output: results/mapped/BRCA_NA12892.bam
    log: logs/bwa_mem/BRCA_NA12892.log
    jobid: 1
    wildcards: sample=BRCA_NA12892
    threads: 8

[Tue Sep  8 22:12:35 2020]
Finished job 1.
2 of 3 steps (67%) done

[Tue Sep  8 22:12:35 2020]
localrule all:
    input: results/mapped/BRCA_NA12892.bam
    jobid: 0

[Tue Sep  8 22:12:35 2020]
Finished job 0.
3 of 3 steps (100%) done
Complete log: /tier4/DSC/GATK/ehlim/gatk_germline_pipeline/workflow/.snakemake/log/2020-09-08T220835.472937.snakemake.log
