Building DAG of jobs...
Using shell: /bin/bash
Provided cores: 10
Rules claiming more threads will be scaled down.
Job counts:
	count	jobs
	1	all
	1	map_reads
	1	trim_reads_pe
	3

[Wed Sep  9 09:52:54 2020]
rule trim_reads_pe:
    input: /tier4/DSC/GATK/ehlim/gatk_germline_pipeline/resources/samples/BRCA_NA12892_R1.fastq.gz, /tier4/DSC/GATK/ehlim/gatk_germline_pipeline/resources/samples/BRCA_NA12892_R2.fastq.gz
    output: results/trimmed/BRCA_NA12892.1.fastq.gz, results/trimmed/BRCA_NA12892.2.fastq.gz, results/trimmed/BRCA_NA12892.1.unpaired.fastq.gz, results/trimmed/BRCA_NA12892.2.unpaired.fastq.gz
    log: logs/trimmomatic/BRCA_NA12892.log
    jobid: 2
    wildcards: sample=BRCA_NA12892
    threads: 8

[Wed Sep  9 09:54:03 2020]
Finished job 2.
1 of 3 steps (33%) done

[Wed Sep  9 09:54:03 2020]
rule map_reads:
    input: /tier4/DSC/GATK/ehlim/gatk_germline_pipeline/resources/references/hg19/ucsc.hg19.fasta, results/trimmed/BRCA_NA12892.1.fastq.gz, results/trimmed/BRCA_NA12892.2.fastq.gz
    output: results/mapped/BRCA_NA12892.bam
    log: logs/bwa_mem/BRCA_NA12892.log
    jobid: 1
    wildcards: sample=BRCA_NA12892
    threads: 8

[Wed Sep  9 09:57:41 2020]
Finished job 1.
2 of 3 steps (67%) done

[Wed Sep  9 09:57:41 2020]
localrule all:
    input: results/mapped/BRCA_NA12892.bam
    jobid: 0

[Wed Sep  9 09:57:41 2020]
Finished job 0.
3 of 3 steps (100%) done
Complete log: /tier4/DSC/GATK/ehlim/gatk_germline_pipeline/workflow/.snakemake/log/2020-09-09T095252.561048.snakemake.log
